#
# There is insufficient memory for the Java Runtime Environment to continue.
# Native memory allocation (mmap) failed to map 27262976 bytes for Failed to commit area from 0x0000000089400000 to 0x000000008ae00000 of length 27262976.
# Possible reasons:
#   The system is out of physical RAM or swap space
#   The process is running with CompressedOops enabled, and the Java Heap may be blocking the growth of the native heap
# Possible solutions:
#   Reduce memory load on the system
#   Increase physical memory or swap space
#   Check if swap backing store is full
#   Decrease Java heap size (-Xmx/-Xms)
#   Decrease number of Java threads
#   Decrease Java thread stack sizes (-Xss)
#   Set larger code cache with -XX:ReservedCodeCacheSize=
#   JVM is running with Unscaled Compressed Oops mode in which the Java heap is
#     placed in the first 4GB address space. The Java Heap base address is the
#     maximum limit for the native heap growth. Please use -XX:HeapBaseMinAddress
#     to set the Java Heap base and to place the Java Heap above 4GB virtual address.
# This output file may be truncated or incomplete.
#
#  Out of Memory Error (t:/workspace/open/src/hotspot/os/windows/os_windows.cpp:3269), pid=60448, tid=34356
#
# JRE version: OpenJDK Runtime Environment (11.0+28) (build 11+28)
# Java VM: OpenJDK 64-Bit Server VM (11+28, mixed mode, tiered, compressed oops, g1 gc, windows-amd64)
# No core dump will be written. Minidumps are not enabled by default on client versions of Windows
#

---------------  S U M M A R Y ------------

Command Line: -XX:TieredStopAtLevel=1 -Xverify:none -Dspring.output.ansi.enabled=always -Dcom.sun.management.jmxremote -Dspring.jmx.enabled=true -Dspring.liveBeansView.mbeanDomain -Dspring.application.admin.enabled=true -javaagent:D:\Program Files\JetBrains\IntelliJ IDEA 2020.2.3\lib\idea_rt.jar=9758:D:\Program Files\JetBrains\IntelliJ IDEA 2020.2.3\bin -Dfile.encoding=UTF-8 com.capstone.mountain.MountainApplication

Host: Intel(R) Core(TM) i7-6500U CPU @ 2.50GHz, 4 cores, 7G,  Windows 10 , 64 bit Build 19041 (10.0.19041.928)
Time: Tue May 25 22:33:55 2021 대한민국 표준시 elapsed time: 29 seconds (0d 0h 0m 29s)

---------------  T H R E A D  ---------------

Current thread (0x000002921d668000):  VMThread "VM Thread" [stack: 0x000000ed52900000,0x000000ed52a00000] [id=34356]

Stack: [0x000000ed52900000,0x000000ed52a00000]
[error occurred during error reporting (printing stack bounds), id 0xc0000005, EXCEPTION_ACCESS_VIOLATION (0xc0000005) at pc=0x0000029208230bad]

Native frames: (J=compiled Java code, j=interpreted, Vv=VM code, C=native code)
V  [jvm.dll+0x63adaa]
V  [jvm.dll+0x77852f]
V  [jvm.dll+0x779b18]
V  [jvm.dll+0x77a135]
V  [jvm.dll+0x77a0eb]
V  [jvm.dll+0x63a4a6]
V  [jvm.dll+0x63a878]
C  [ntdll.dll+0xa217f]
C  [ntdll.dll+0x51454]
C  [ntdll.dll+0xa0cae]
C  0x0000029208230bad

VM_Operation (0x000000ed543fcaa0): CollectForMetadataAllocation, mode: safepoint, requested by thread 0x0000029222a79800


---------------  P R O C E S S  ---------------

Threads class SMR info:
_java_thread_list=0x0000029222675570, length=31, elements={
0x000002921d68f800, 0x000002921d690800, 0x000002921d6be000, 0x000002921df96800,
0x000002921df98800, 0x000002921df9b800, 0x000002921e0d0000, 0x000002921e57b800,
0x000002921e582800, 0x000002921e729800, 0x000002921f859800, 0x000002921f570800,
0x000002921ff20000, 0x000002921e0d9800, 0x000002921ff9c800, 0x000002921e8d2800,
0x0000029222a78000, 0x0000029222a79800, 0x0000029222a7a800, 0x0000029222a79000,
0x0000029222a7d000, 0x0000029222a7b800, 0x0000029222a7c000, 0x0000029222a77800,
0x0000029222a7e000, 0x0000029222b67000, 0x0000029222b65000, 0x0000029222b68800,
0x0000029222b66000, 0x0000029222b67800, 0x0000029222b64800
}

Java Threads: ( => current thread )
  0x000002921d68f800 JavaThread "Reference Handler" daemon [_thread_blocked, id=20060, stack(0x000000ed52a00000,0x000000ed52b00000)]
  0x000002921d690800 JavaThread "Finalizer" daemon [_thread_blocked, id=9952, stack(0x000000ed52b00000,0x000000ed52c00000)]
  0x000002921d6be000 JavaThread "Signal Dispatcher" daemon [_thread_blocked, id=69700, stack(0x000000ed52c00000,0x000000ed52d00000)]
  0x000002921df96800 JavaThread "Attach Listener" daemon [_thread_blocked, id=28228, stack(0x000000ed52d00000,0x000000ed52e00000)]
  0x000002921df98800 JavaThread "C1 CompilerThread0" daemon [_thread_blocked, id=64328, stack(0x000000ed52e00000,0x000000ed52f00000)]
  0x000002921df9b800 JavaThread "Sweeper thread" daemon [_thread_blocked, id=12184, stack(0x000000ed52f00000,0x000000ed53000000)]
  0x000002921e0d0000 JavaThread "Common-Cleaner" daemon [_thread_blocked, id=49612, stack(0x000000ed53000000,0x000000ed53100000)]
  0x000002921e57b800 JavaThread "Monitor Ctrl-Break" daemon [_thread_in_native, id=27196, stack(0x000000ed53100000,0x000000ed53200000)]
  0x000002921e582800 JavaThread "Service Thread" daemon [_thread_blocked, id=61964, stack(0x000000ed53200000,0x000000ed53300000)]
  0x000002921e729800 JavaThread "RMI TCP Accept-0" daemon [_thread_in_native, id=19512, stack(0x000000ed53300000,0x000000ed53400000)]
  0x000002921f859800 JavaThread "RMI TCP Connection(3)-172.15.19.123" daemon [_thread_in_native, id=48924, stack(0x000000ed53900000,0x000000ed53a00000)]
  0x000002921f570800 JavaThread "RMI Scheduler(0)" daemon [_thread_blocked, id=37948, stack(0x000000ed53b00000,0x000000ed53c00000)]
  0x000002921ff20000 JavaThread "HikariPool-1 housekeeper" daemon [_thread_blocked, id=74948, stack(0x000000ed53d00000,0x000000ed53e00000)]
  0x000002921e0d9800 JavaThread "Catalina-utility-1" [_thread_blocked, id=52864, stack(0x000000ed53f00000,0x000000ed54000000)]
  0x000002921ff9c800 JavaThread "Catalina-utility-2" [_thread_blocked, id=73048, stack(0x000000ed54000000,0x000000ed54100000)]
  0x000002921e8d2800 JavaThread "container-0" [_thread_blocked, id=63800, stack(0x000000ed54100000,0x000000ed54200000)]
  0x0000029222a78000 JavaThread "http-nio-8080-BlockPoller" daemon [_thread_blocked, id=72140, stack(0x000000ed54200000,0x000000ed54300000)]
  0x0000029222a79800 JavaThread "http-nio-8080-exec-1" daemon [_thread_blocked, id=73664, stack(0x000000ed54300000,0x000000ed54400000)]
  0x0000029222a7a800 JavaThread "http-nio-8080-exec-2" daemon [_thread_blocked, id=59004, stack(0x000000ed54400000,0x000000ed54500000)]
  0x0000029222a79000 JavaThread "http-nio-8080-exec-3" daemon [_thread_blocked, id=49556, stack(0x000000ed54500000,0x000000ed54600000)]
  0x0000029222a7d000 JavaThread "http-nio-8080-exec-4" daemon [_thread_blocked, id=65876, stack(0x000000ed54600000,0x000000ed54700000)]
  0x0000029222a7b800 JavaThread "http-nio-8080-exec-5" daemon [_thread_blocked, id=47508, stack(0x000000ed54700000,0x000000ed54800000)]
  0x0000029222a7c000 JavaThread "http-nio-8080-exec-6" daemon [_thread_blocked, id=65336, stack(0x000000ed54800000,0x000000ed54900000)]
  0x0000029222a77800 JavaThread "http-nio-8080-exec-7" daemon [_thread_blocked, id=47992, stack(0x000000ed54900000,0x000000ed54a00000)]
  0x0000029222a7e000 JavaThread "http-nio-8080-exec-8" daemon [_thread_blocked, id=72252, stack(0x000000ed54a00000,0x000000ed54b00000)]
  0x0000029222b67000 JavaThread "http-nio-8080-exec-9" daemon [_thread_blocked, id=33856, stack(0x000000ed54b00000,0x000000ed54c00000)]
  0x0000029222b65000 JavaThread "http-nio-8080-exec-10" daemon [_thread_blocked, id=29936, stack(0x000000ed54c00000,0x000000ed54d00000)]
  0x0000029222b68800 JavaThread "http-nio-8080-ClientPoller" daemon [_thread_blocked, id=28400, stack(0x000000ed54d00000,0x000000ed54e00000)]
  0x0000029222b66000 JavaThread "http-nio-8080-Acceptor" daemon [_thread_in_native, id=3860, stack(0x000000ed54e00000,0x000000ed54f00000)]
  0x0000029222b67800 JavaThread "DestroyJavaVM" [_thread_blocked, id=67092, stack(0x000000ed52300000,0x000000ed52400000)]
  0x0000029222b64800 JavaThread "RMI TCP Connection(idle)" daemon [_thread_blocked, id=64528, stack(0x000000ed54f00000,0x000000ed55000000)]

Other Threads:
=>0x000002921d668000 VMThread "VM Thread" [stack: 0x000000ed52900000,0x000000ed52a00000] [id=34356]
  0x000002921e70c000 WatcherThread [stack: 0x000000ed53400000,0x000000ed53500000] [id=41204]
  0x000002927f350000 GCTaskThread "GC Thread#0" [stack: 0x000000ed52400000,0x000000ed52500000] [id=54656]
  0x000002921e734000 GCTaskThread "GC Thread#1" [stack: 0x000000ed53500000,0x000000ed53600000] [id=44656]
  0x000002921e735000 GCTaskThread "GC Thread#2" [stack: 0x000000ed53600000,0x000000ed53700000] [id=42824]
  0x000002921f72e000 GCTaskThread "GC Thread#3" [stack: 0x000000ed53a00000,0x000000ed53b00000] [id=63240]
  0x000002927d18d000 ConcurrentGCThread "G1 Main Marker" [stack: 0x000000ed52500000,0x000000ed52600000] [id=39148]
  0x000002927d18e000 ConcurrentGCThread "G1 Conc#0" [stack: 0x000000ed52600000,0x000000ed52700000] [id=22788]
  0x000002921d4d0800 ConcurrentGCThread "G1 Refine#0" [stack: 0x000000ed52700000,0x000000ed52800000] [id=47696]
  0x000002921e34c000 ConcurrentGCThread "G1 Refine#1" [stack: 0x000000ed53700000,0x000000ed53800000] [id=39680]
  0x000002921d4d1800 ConcurrentGCThread "G1 Young RemSet Sampling" [stack: 0x000000ed52800000,0x000000ed52900000] [id=35608]

Threads with active compile tasks:

VM state:at safepoint (normal execution)

VM Mutex/Monitor currently owned by a thread:  ([mutex/lock_event])
[0x000002927d0b2fc0] Threads_lock - owner thread: 0x000002921d668000
[0x000002927f337b70] Heap_lock - owner thread: 0x0000029222a79800

Heap address: 0x0000000081400000, size: 2028 MB, Compressed Oops mode: 32-bit
Narrow klass base: 0x0000000000000000, Narrow klass shift: 3
Compressed class space size: 1073741824 Address: 0x0000000100000000

Heap:
 garbage-first heap   total 157696K, used 26936K [0x0000000081400000, 0x0000000100000000)
  region size 1024K, 5 young (5120K), 5 survivors (5120K)
 Metaspace       used 58293K, capacity 60108K, committed 60240K, reserved 1101824K
  class space    used 7665K, capacity 8383K, committed 8448K, reserved 1048576K
Heap Regions: E=young(eden), S=young(survivor), O=old, HS=humongous(starts), HC=humongous(continues), CS=collection set, F=free, A=archive, TAMS=top-at-mark-start (previous, next)
|   0|0x0000000081400000, 0x0000000081500000, 0x0000000081500000|100%|HS|  |TAMS 0x0000000081500000, 0x0000000081500000| Complete 
|   1|0x0000000081500000, 0x0000000081600000, 0x0000000081600000|100%| O|  |TAMS 0x0000000081600000, 0x0000000081600000| Untracked 
|   2|0x0000000081600000, 0x0000000081700000, 0x0000000081700000|100%| O|  |TAMS 0x0000000081700000, 0x0000000081700000| Untracked 
|   3|0x0000000081700000, 0x0000000081800000, 0x0000000081800000|100%| O|  |TAMS 0x0000000081800000, 0x0000000081800000| Untracked 
|   4|0x0000000081800000, 0x0000000081900000, 0x0000000081900000|100%| O|  |TAMS 0x0000000081900000, 0x0000000081900000| Untracked 
|   5|0x0000000081900000, 0x0000000081a00000, 0x0000000081a00000|100%| O|  |TAMS 0x0000000081a00000, 0x0000000081a00000| Untracked 
|   6|0x0000000081a00000, 0x0000000081b00000, 0x0000000081b00000|100%| O|  |TAMS 0x0000000081b00000, 0x0000000081b00000| Untracked 
|   7|0x0000000081b00000, 0x0000000081c00000, 0x0000000081c00000|100%| O|  |TAMS 0x0000000081c00000, 0x0000000081c00000| Untracked 
|   8|0x0000000081c00000, 0x0000000081d00000, 0x0000000081d00000|100%| O|  |TAMS 0x0000000081d00000, 0x0000000081d00000| Untracked 
|   9|0x0000000081d00000, 0x0000000081e00000, 0x0000000081e00000|100%| O|  |TAMS 0x0000000081e00000, 0x0000000081e00000| Untracked 
|  10|0x0000000081e00000, 0x0000000081f00000, 0x0000000081f00000|100%| O|  |TAMS 0x0000000081f00000, 0x0000000081f00000| Untracked 
|  11|0x0000000081f00000, 0x0000000082000000, 0x0000000082000000|100%| O|  |TAMS 0x0000000082000000, 0x0000000082000000| Untracked 
|  12|0x0000000082000000, 0x0000000082100000, 0x0000000082100000|100%| O|  |TAMS 0x0000000082100000, 0x0000000082100000| Untracked 
|  13|0x0000000082100000, 0x0000000082200000, 0x0000000082200000|100%| O|  |TAMS 0x000000008216c200, 0x0000000082200000| Untracked 
|  14|0x0000000082200000, 0x0000000082300000, 0x0000000082300000|100%| O|  |TAMS 0x0000000082200000, 0x0000000082300000| Untracked 
|  15|0x0000000082300000, 0x0000000082400000, 0x0000000082400000|100%| O|  |TAMS 0x0000000082300000, 0x0000000082400000| Untracked 
|  16|0x0000000082400000, 0x0000000082500000, 0x0000000082500000|100%| O|  |TAMS 0x0000000082400000, 0x0000000082500000| Untracked 
|  17|0x0000000082500000, 0x0000000082600000, 0x0000000082600000|100%| O|  |TAMS 0x0000000082500000, 0x0000000082600000| Untracked 
|  18|0x0000000082600000, 0x0000000082700000, 0x0000000082700000|100%| O|  |TAMS 0x0000000082600000, 0x0000000082700000| Untracked 
|  19|0x0000000082700000, 0x0000000082800000, 0x0000000082800000|100%| O|  |TAMS 0x0000000082700000, 0x0000000082800000| Untracked 
|  20|0x0000000082800000, 0x0000000082900000, 0x0000000082900000|100%| O|  |TAMS 0x0000000082800000, 0x0000000082900000| Untracked 
|  21|0x0000000082900000, 0x0000000082a00000, 0x0000000082a00000|100%| O|  |TAMS 0x0000000082900000, 0x0000000082a00000| Untracked 
|  22|0x0000000082a00000, 0x0000000082a00000, 0x0000000082b00000|  0%| F|  |TAMS 0x0000000082a00000, 0x0000000082a00000| Untracked 
|  23|0x0000000082b00000, 0x0000000082b00000, 0x0000000082c00000|  0%| F|  |TAMS 0x0000000082b00000, 0x0000000082b00000| Untracked 
|  24|0x0000000082c00000, 0x0000000082c00000, 0x0000000082d00000|  0%| F|  |TAMS 0x0000000082c00000, 0x0000000082c00000| Untracked 
|  25|0x0000000082d00000, 0x0000000082d00000, 0x0000000082e00000|  0%| F|  |TAMS 0x0000000082d00000, 0x0000000082d00000| Untracked 
|  26|0x0000000082e00000, 0x0000000082e00000, 0x0000000082f00000|  0%| F|  |TAMS 0x0000000082e00000, 0x0000000082e00000| Untracked 
|  27|0x0000000082f00000, 0x0000000082f00000, 0x0000000083000000|  0%| F|  |TAMS 0x0000000082f00000, 0x0000000082f00000| Untracked 
|  28|0x0000000083000000, 0x0000000083000000, 0x0000000083100000|  0%| F|  |TAMS 0x0000000083000000, 0x0000000083000000| Untracked 
|  29|0x0000000083100000, 0x0000000083100000, 0x0000000083200000|  0%| F|  |TAMS 0x0000000083100000, 0x0000000083100000| Untracked 
|  30|0x0000000083200000, 0x0000000083200000, 0x0000000083300000|  0%| F|  |TAMS 0x0000000083200000, 0x0000000083200000| Untracked 
|  31|0x0000000083300000, 0x0000000083300000, 0x0000000083400000|  0%| F|  |TAMS 0x0000000083300000, 0x0000000083300000| Untracked 
|  32|0x0000000083400000, 0x0000000083400000, 0x0000000083500000|  0%| F|  |TAMS 0x0000000083400000, 0x0000000083400000| Untracked 
|  33|0x0000000083500000, 0x0000000083500000, 0x0000000083600000|  0%| F|  |TAMS 0x0000000083500000, 0x0000000083500000| Untracked 
|  34|0x0000000083600000, 0x0000000083600000, 0x0000000083700000|  0%| F|  |TAMS 0x0000000083600000, 0x0000000083600000| Untracked 
|  35|0x0000000083700000, 0x0000000083700000, 0x0000000083800000|  0%| F|  |TAMS 0x0000000083700000, 0x0000000083700000| Untracked 
|  36|0x0000000083800000, 0x0000000083800000, 0x0000000083900000|  0%| F|  |TAMS 0x0000000083800000, 0x0000000083800000| Untracked 
|  37|0x0000000083900000, 0x0000000083900000, 0x0000000083a00000|  0%| F|  |TAMS 0x0000000083900000, 0x0000000083900000| Untracked 
|  38|0x0000000083a00000, 0x0000000083a00000, 0x0000000083b00000|  0%| F|  |TAMS 0x0000000083a00000, 0x0000000083a00000| Untracked 
|  39|0x0000000083b00000, 0x0000000083b00000, 0x0000000083c00000|  0%| F|  |TAMS 0x0000000083b00000, 0x0000000083b00000| Untracked 
|  40|0x0000000083c00000, 0x0000000083c00000, 0x0000000083d00000|  0%| F|  |TAMS 0x0000000083c00000, 0x0000000083c00000| Untracked 
|  41|0x0000000083d00000, 0x0000000083d00000, 0x0000000083e00000|  0%| F|  |TAMS 0x0000000083d00000, 0x0000000083d00000| Untracked 
|  42|0x0000000083e00000, 0x0000000083e00000, 0x0000000083f00000|  0%| F|  |TAMS 0x0000000083e00000, 0x0000000083e00000| Untracked 
|  43|0x0000000083f00000, 0x0000000083f00000, 0x0000000084000000|  0%| F|  |TAMS 0x0000000083f00000, 0x0000000083f00000| Untracked 
|  44|0x0000000084000000, 0x0000000084000000, 0x0000000084100000|  0%| F|  |TAMS 0x0000000084000000, 0x0000000084000000| Untracked 
|  45|0x0000000084100000, 0x0000000084100000, 0x0000000084200000|  0%| F|  |TAMS 0x0000000084100000, 0x0000000084100000| Untracked 
|  46|0x0000000084200000, 0x0000000084200000, 0x0000000084300000|  0%| F|  |TAMS 0x0000000084200000, 0x0000000084200000| Untracked 
|  47|0x0000000084300000, 0x0000000084300000, 0x0000000084400000|  0%| F|  |TAMS 0x0000000084300000, 0x0000000084300000| Untracked 
|  48|0x0000000084400000, 0x0000000084400000, 0x0000000084500000|  0%| F|  |TAMS 0x0000000084400000, 0x0000000084400000| Untracked 
|  49|0x0000000084500000, 0x0000000084500000, 0x0000000084600000|  0%| F|  |TAMS 0x0000000084500000, 0x0000000084500000| Untracked 
|  50|0x0000000084600000, 0x0000000084600000, 0x0000000084700000|  0%| F|  |TAMS 0x0000000084600000, 0x0000000084600000| Untracked 
|  51|0x0000000084700000, 0x0000000084700000, 0x0000000084800000|  0%| F|  |TAMS 0x0000000084700000, 0x0000000084700000| Untracked 
|  52|0x0000000084800000, 0x0000000084800000, 0x0000000084900000|  0%| F|  |TAMS 0x0000000084800000, 0x0000000084800000| Untracked 
|  53|0x0000000084900000, 0x0000000084900000, 0x0000000084a00000|  0%| F|  |TAMS 0x0000000084900000, 0x0000000084900000| Untracked 
|  54|0x0000000084a00000, 0x0000000084a00000, 0x0000000084b00000|  0%| F|  |TAMS 0x0000000084a00000, 0x0000000084a00000| Untracked 
|  55|0x0000000084b00000, 0x0000000084b00000, 0x0000000084c00000|  0%| F|  |TAMS 0x0000000084b00000, 0x0000000084b00000| Untracked 
|  56|0x0000000084c00000, 0x0000000084c00000, 0x0000000084d00000|  0%| F|  |TAMS 0x0000000084c00000, 0x0000000084c00000| Untracked 
|  57|0x0000000084d00000, 0x0000000084d00000, 0x0000000084e00000|  0%| F|  |TAMS 0x0000000084d00000, 0x0000000084d00000| Untracked 
|  58|0x0000000084e00000, 0x0000000084e00000, 0x0000000084f00000|  0%| F|  |TAMS 0x0000000084e00000, 0x0000000084e00000| Untracked 
|  59|0x0000000084f00000, 0x0000000084f00000, 0x0000000085000000|  0%| F|  |TAMS 0x0000000084f00000, 0x0000000084f00000| Untracked 
|  60|0x0000000085000000, 0x0000000085000000, 0x0000000085100000|  0%| F|  |TAMS 0x0000000085000000, 0x0000000085000000| Untracked 
|  61|0x0000000085100000, 0x0000000085100000, 0x0000000085200000|  0%| F|  |TAMS 0x0000000085100000, 0x0000000085100000| Untracked 
|  62|0x0000000085200000, 0x0000000085200000, 0x0000000085300000|  0%| F|  |TAMS 0x0000000085200000, 0x0000000085200000| Untracked 
|  63|0x0000000085300000, 0x0000000085300000, 0x0000000085400000|  0%| F|  |TAMS 0x0000000085300000, 0x0000000085300000| Untracked 
|  64|0x0000000085400000, 0x0000000085400000, 0x0000000085500000|  0%| F|  |TAMS 0x0000000085400000, 0x0000000085400000| Untracked 
|  65|0x0000000085500000, 0x0000000085500000, 0x0000000085600000|  0%| F|  |TAMS 0x0000000085500000, 0x0000000085500000| Untracked 
|  66|0x0000000085600000, 0x0000000085600000, 0x0000000085700000|  0%| F|  |TAMS 0x0000000085600000, 0x0000000085600000| Untracked 
|  67|0x0000000085700000, 0x0000000085700000, 0x0000000085800000|  0%| F|  |TAMS 0x0000000085700000, 0x0000000085700000| Untracked 
|  68|0x0000000085800000, 0x0000000085800000, 0x0000000085900000|  0%| F|  |TAMS 0x0000000085800000, 0x0000000085800000| Untracked 
|  69|0x0000000085900000, 0x0000000085900000, 0x0000000085a00000|  0%| F|  |TAMS 0x0000000085900000, 0x0000000085900000| Untracked 
|  70|0x0000000085a00000, 0x0000000085a00000, 0x0000000085b00000|  0%| F|  |TAMS 0x0000000085a00000, 0x0000000085a00000| Untracked 
|  71|0x0000000085b00000, 0x0000000085b00000, 0x0000000085c00000|  0%| F|  |TAMS 0x0000000085b00000, 0x0000000085b00000| Untracked 
|  72|0x0000000085c00000, 0x0000000085c00000, 0x0000000085d00000|  0%| F|  |TAMS 0x0000000085c00000, 0x0000000085c00000| Untracked 
|  73|0x0000000085d00000, 0x0000000085d00000, 0x0000000085e00000|  0%| F|  |TAMS 0x0000000085d00000, 0x0000000085d00000| Untracked 
|  74|0x0000000085e00000, 0x0000000085e00000, 0x0000000085f00000|  0%| F|  |TAMS 0x0000000085e00000, 0x0000000085e00000| Untracked 
|  75|0x0000000085f00000, 0x0000000085f00000, 0x0000000086000000|  0%| F|  |TAMS 0x0000000085f00000, 0x0000000085f00000| Untracked 
|  76|0x0000000086000000, 0x0000000086000000, 0x0000000086100000|  0%| F|  |TAMS 0x0000000086000000, 0x0000000086000000| Untracked 
|  77|0x0000000086100000, 0x0000000086100000, 0x0000000086200000|  0%| F|  |TAMS 0x0000000086100000, 0x0000000086100000| Untracked 
|  78|0x0000000086200000, 0x0000000086200000, 0x0000000086300000|  0%| F|  |TAMS 0x0000000086200000, 0x0000000086200000| Untracked 
|  79|0x0000000086300000, 0x0000000086300000, 0x0000000086400000|  0%| F|  |TAMS 0x0000000086300000, 0x0000000086300000| Untracked 
|  80|0x0000000086400000, 0x0000000086400000, 0x0000000086500000|  0%| F|  |TAMS 0x0000000086400000, 0x0000000086400000| Untracked 
|  81|0x0000000086500000, 0x0000000086500000, 0x0000000086600000|  0%| F|  |TAMS 0x0000000086500000, 0x0000000086500000| Untracked 
|  82|0x0000000086600000, 0x0000000086600000, 0x0000000086700000|  0%| F|  |TAMS 0x0000000086600000, 0x0000000086600000| Untracked 
|  83|0x0000000086700000, 0x0000000086700000, 0x0000000086800000|  0%| F|  |TAMS 0x0000000086700000, 0x0000000086700000| Untracked 
|  84|0x0000000086800000, 0x0000000086800000, 0x0000000086900000|  0%| F|  |TAMS 0x0000000086800000, 0x0000000086800000| Untracked 
|  85|0x0000000086900000, 0x0000000086900000, 0x0000000086a00000|  0%| F|  |TAMS 0x0000000086900000, 0x0000000086900000| Untracked 
|  86|0x0000000086a00000, 0x0000000086a00000, 0x0000000086b00000|  0%| F|  |TAMS 0x0000000086a00000, 0x0000000086a00000| Untracked 
|  87|0x0000000086b00000, 0x0000000086b00000, 0x0000000086c00000|  0%| F|  |TAMS 0x0000000086b00000, 0x0000000086b00000| Untracked 
|  88|0x0000000086c00000, 0x0000000086c00000, 0x0000000086d00000|  0%| F|  |TAMS 0x0000000086c00000, 0x0000000086c00000| Untracked 
|  89|0x0000000086d00000, 0x0000000086d00000, 0x0000000086e00000|  0%| F|  |TAMS 0x0000000086d00000, 0x0000000086d00000| Untracked 
|  90|0x0000000086e00000, 0x0000000086e00000, 0x0000000086f00000|  0%| F|  |TAMS 0x0000000086e00000, 0x0000000086e00000| Untracked 
|  91|0x0000000086f00000, 0x0000000086f00000, 0x0000000087000000|  0%| F|  |TAMS 0x0000000086f00000, 0x0000000086f00000| Untracked 
|  92|0x0000000087000000, 0x0000000087000000, 0x0000000087100000|  0%| F|  |TAMS 0x0000000087000000, 0x0000000087000000| Untracked 
|  93|0x0000000087100000, 0x0000000087100000, 0x0000000087200000|  0%| F|  |TAMS 0x0000000087100000, 0x0000000087100000| Untracked 
|  94|0x0000000087200000, 0x0000000087200000, 0x0000000087300000|  0%| F|  |TAMS 0x0000000087200000, 0x0000000087200000| Untracked 
|  95|0x0000000087300000, 0x0000000087300000, 0x0000000087400000|  0%| F|  |TAMS 0x0000000087300000, 0x0000000087300000| Untracked 
|  96|0x0000000087400000, 0x0000000087400000, 0x0000000087500000|  0%| F|  |TAMS 0x0000000087400000, 0x0000000087400000| Untracked 
|  97|0x0000000087500000, 0x0000000087500000, 0x0000000087600000|  0%| F|  |TAMS 0x0000000087500000, 0x0000000087500000| Untracked 
|  98|0x0000000087600000, 0x0000000087600000, 0x0000000087700000|  0%| F|  |TAMS 0x0000000087600000, 0x0000000087600000| Untracked 
|  99|0x0000000087700000, 0x0000000087700000, 0x0000000087800000|  0%| F|  |TAMS 0x0000000087700000, 0x0000000087700000| Untracked 
| 100|0x0000000087800000, 0x0000000087800000, 0x0000000087900000|  0%| F|  |TAMS 0x0000000087800000, 0x0000000087800000| Untracked 
| 101|0x0000000087900000, 0x0000000087900000, 0x0000000087a00000|  0%| F|  |TAMS 0x0000000087900000, 0x0000000087900000| Untracked 
| 102|0x0000000087a00000, 0x0000000087a00000, 0x0000000087b00000|  0%| F|  |TAMS 0x0000000087a00000, 0x0000000087a00000| Untracked 
| 103|0x0000000087b00000, 0x0000000087b00000, 0x0000000087c00000|  0%| F|  |TAMS 0x0000000087b00000, 0x0000000087b00000| Untracked 
| 104|0x0000000087c00000, 0x0000000087c00000, 0x0000000087d00000|  0%| F|  |TAMS 0x0000000087c00000, 0x0000000087c00000| Untracked 
| 105|0x0000000087d00000, 0x0000000087d00000, 0x0000000087e00000|  0%| F|  |TAMS 0x0000000087d00000, 0x0000000087d00000| Untracked 
| 106|0x0000000087e00000, 0x0000000087e00000, 0x0000000087f00000|  0%| F|  |TAMS 0x0000000087e00000, 0x0000000087e00000| Untracked 
| 107|0x0000000087f00000, 0x0000000087f4e3a8, 0x0000000088000000| 30%| S|CS|TAMS 0x0000000087f00000, 0x0000000087f00000| Complete 
| 108|0x0000000088000000, 0x0000000088100000, 0x0000000088100000|100%| S|CS|TAMS 0x0000000088000000, 0x0000000088000000| Complete 
| 109|0x0000000088100000, 0x0000000088200000, 0x0000000088200000|100%| S|CS|TAMS 0x0000000088100000, 0x0000000088100000| Complete 
| 110|0x0000000088200000, 0x0000000088300000, 0x0000000088300000|100%| S|CS|TAMS 0x0000000088200000, 0x0000000088200000| Complete 
| 111|0x0000000088300000, 0x0000000088400000, 0x0000000088400000|100%| S|CS|TAMS 0x0000000088300000, 0x0000000088300000| Complete 
| 112|0x0000000088400000, 0x0000000088400000, 0x0000000088500000|  0%| F|  |TAMS 0x0000000088400000, 0x0000000088400000| Untracked 
| 113|0x0000000088500000, 0x0000000088500000, 0x0000000088600000|  0%| F|  |TAMS 0x0000000088500000, 0x0000000088500000| Untracked 
| 114|0x0000000088600000, 0x0000000088600000, 0x0000000088700000|  0%| F|  |TAMS 0x0000000088600000, 0x0000000088600000| Untracked 
| 115|0x0000000088700000, 0x0000000088700000, 0x0000000088800000|  0%| F|  |TAMS 0x0000000088700000, 0x0000000088700000| Untracked 
| 116|0x0000000088800000, 0x0000000088800000, 0x0000000088900000|  0%| F|  |TAMS 0x0000000088800000, 0x0000000088800000| Untracked 
| 117|0x0000000088900000, 0x0000000088900000, 0x0000000088a00000|  0%| F|  |TAMS 0x0000000088900000, 0x0000000088900000| Untracked 
| 118|0x0000000088a00000, 0x0000000088a00000, 0x0000000088b00000|  0%| F|  |TAMS 0x0000000088a00000, 0x0000000088a00000| Untracked 
| 119|0x0000000088b00000, 0x0000000088b00000, 0x0000000088c00000|  0%| F|  |TAMS 0x0000000088b00000, 0x0000000088b00000| Untracked 
| 120|0x0000000088c00000, 0x0000000088c00000, 0x0000000088d00000|  0%| F|  |TAMS 0x0000000088c00000, 0x0000000088c00000| Untracked 
| 121|0x0000000088d00000, 0x0000000088d00000, 0x0000000088e00000|  0%| F|  |TAMS 0x0000000088d00000, 0x0000000088d00000| Untracked 
| 122|0x0000000088e00000, 0x0000000088e00000, 0x0000000088f00000|  0%| F|  |TAMS 0x0000000088e00000, 0x0000000088e00000| Untracked 
| 123|0x0000000088f00000, 0x0000000088f00000, 0x0000000089000000|  0%| F|  |TAMS 0x0000000088f00000, 0x0000000088f00000| Untracked 
| 124|0x0000000089000000, 0x0000000089000000, 0x0000000089100000|  0%| F|  |TAMS 0x0000000089000000, 0x0000000089000000| Untracked 
| 125|0x0000000089100000, 0x0000000089100000, 0x0000000089200000|  0%| F|  |TAMS 0x0000000089100000, 0x0000000089100000| Untracked 
| 126|0x0000000089200000, 0x0000000089200000, 0x0000000089300000|  0%| F|  |TAMS 0x0000000089200000, 0x0000000089200000| Untracked 
| 127|0x0000000089300000, 0x0000000089300000, 0x0000000089400000|  0%| F|  |TAMS 0x0000000089300000, 0x0000000089300000| Untracked 

Card table byte_map: [0x000002927f800000,0x000002927fc00000] _byte_map_base: 0x000002927f3f6000

Marking Bits (Prev, Next): (CMBitMap*) 0x000002927f376938, (CMBitMap*) 0x000002927f376970
 Prev Bits: [0x0000029217230000, 0x00000292191e0000)
 Next Bits: [0x00000292191e0000, 0x000002921b190000)

Polling page: 0x000002927d300000

Metaspace:

Usage:
  Non-class:     50.51 MB capacity,    49.44 MB ( 98%) used,   877.88 KB (  2%) free+waste,   218.94 KB ( <1%) overhead. 
      Class:      8.19 MB capacity,     7.49 MB ( 91%) used,   610.15 KB (  7%) free+waste,   107.81 KB (  1%) overhead. 
       Both:     58.70 MB capacity,    56.93 MB ( 97%) used,     1.45 MB (  2%) free+waste,   326.75 KB ( <1%) overhead. 

Virtual space:
  Non-class space:       52.00 MB reserved,      50.58 MB ( 97%) committed 
      Class space:        1.00 GB reserved,       8.25 MB ( <1%) committed 
             Both:        1.05 GB reserved,      58.83 MB (  5%) committed 

Chunk freelists:
   Non-Class:  4.38 KB
       Class:  128 bytes
        Both:  4.50 KB

CodeHeap 'non-profiled nmethods': size=238912Kb used=9604Kb max_used=9636Kb free=229308Kb
 bounds [0x00000292088e0000, 0x0000029209250000, 0x0000029217230000]
CodeHeap 'non-nmethods': size=6848Kb used=1221Kb max_used=1781Kb free=5626Kb
 bounds [0x0000029208230000, 0x00000292084a0000, 0x00000292088e0000]
 total_blobs=6495 nmethods=5877 adapters=507
 compilation: enabled
              stopped_count=0, restarted_count=0
 full_count=0

Compilation events (10 events):
Event: 27.471 Thread 0x000002921df98800 5892       1       java.util.concurrent.locks.ReentrantReadWriteLock$Sync::exclusiveCount (5 bytes)
Event: 27.471 Thread 0x000002921df98800 nmethod 5892 0x0000029208947590 code [0x0000029208947740, 0x0000029208947838]
Event: 27.475 Thread 0x000002921df98800 5893 %     1       java.util.Properties$LineReader::readLine @ 308 (585 bytes)
Event: 27.478 Thread 0x000002921df98800 nmethod 5893% 0x0000029208952a10 code [0x0000029208952c60, 0x0000029208953870]
Event: 27.492 Thread 0x000002921df98800 5894       1       java.util.ResourceBundle$KeyElementReference::<init> (12 bytes)
Event: 27.492 Thread 0x000002921df98800 nmethod 5894 0x000002920894eb10 code [0x000002920894ecc0, 0x000002920894eef8]
Event: 27.497 Thread 0x000002921df98800 5895       1       sun.util.calendar.CalendarDate::getYear (5 bytes)
Event: 27.497 Thread 0x000002921df98800 nmethod 5895 0x0000029208949b90 code [0x0000029208949d40, 0x0000029208949e58]
Event: 27.497 Thread 0x000002921df98800 5896  s    1       java.lang.StringBuffer::toString (59 bytes)
Event: 27.498 Thread 0x000002921df98800 nmethod 5896 0x000002920894fb10 code [0x000002920894fd00, 0x00000292089502a0]

GC Heap History (10 events):
Event: 12.280 GC heap after
{Heap after GC invocations=8 (full 0):
 garbage-first heap   total 131072K, used 16672K [0x0000000081400000, 0x0000000100000000)
  region size 1024K, 8 young (8192K), 8 survivors (8192K)
 Metaspace       used 33597K, capacity 34863K, committed 34992K, reserved 1079296K
  class space    used 4228K, capacity 4751K, committed 4864K, reserved 1048576K
}
Event: 12.655 GC heap before
{Heap before GC invocations=8 (full 0):
 garbage-first heap   total 131072K, used 38176K [0x0000000081400000, 0x0000000100000000)
  region size 1024K, 31 young (31744K), 8 survivors (8192K)
 Metaspace       used 34464K, capacity 35807K, committed 35888K, reserved 1081344K
  class space    used 4360K, capacity 4918K, committed 4992K, reserved 1048576K
}
Event: 12.678 GC heap after
{Heap after GC invocations=9 (full 0):
 garbage-first heap   total 131072K, used 17766K [0x0000000081400000, 0x0000000100000000)
  region size 1024K, 4 young (4096K), 4 survivors (4096K)
 Metaspace       used 34464K, capacity 35807K, committed 35888K, reserved 1081344K
  class space    used 4360K, capacity 4918K, committed 4992K, reserved 1048576K
}
Event: 14.134 GC heap before
{Heap before GC invocations=10 (full 0):
 garbage-first heap   total 131072K, used 86374K [0x0000000081400000, 0x0000000100000000)
  region size 1024K, 71 young (72704K), 4 survivors (4096K)
 Metaspace       used 45798K, capacity 47192K, committed 47408K, reserved 1089536K
  class space    used 5883K, capacity 6428K, committed 6528K, reserved 1048576K
}
Event: 14.146 GC heap after
{Heap after GC invocations=11 (full 0):
 garbage-first heap   total 131072K, used 19888K [0x0000000081400000, 0x0000000100000000)
  region size 1024K, 6 young (6144K), 6 survivors (6144K)
 Metaspace       used 45798K, capacity 47192K, committed 47408K, reserved 1089536K
  class space    used 5883K, capacity 6428K, committed 6528K, reserved 1048576K
}
Event: 15.307 GC heap before
{Heap before GC invocations=11 (full 0):
 garbage-first heap   total 131072K, used 90544K [0x0000000081400000, 0x0000000100000000)
  region size 1024K, 75 young (76800K), 6 survivors (6144K)
 Metaspace       used 52847K, capacity 54527K, committed 54704K, reserved 1095680K
  class space    used 6949K, capacity 7612K, committed 7680K, reserved 1048576K
}
Event: 15.320 GC heap after
{Heap after GC invocations=12 (full 0):
 garbage-first heap   total 131072K, used 23025K [0x0000000081400000, 0x0000000100000000)
  region size 1024K, 7 young (7168K), 7 survivors (7168K)
 Metaspace       used 52847K, capacity 54527K, committed 54704K, reserved 1095680K
  class space    used 6949K, capacity 7612K, committed 7680K, reserved 1048576K
}
Event: 16.184 GC heap before
{Heap before GC invocations=12 (full 0):
 garbage-first heap   total 131072K, used 93681K [0x0000000081400000, 0x0000000100000000)
  region size 1024K, 76 young (77824K), 7 survivors (7168K)
 Metaspace       used 56482K, capacity 58251K, committed 58544K, reserved 1099776K
  class space    used 7443K, capacity 8148K, committed 8192K, reserved 1048576K
}
Event: 16.198 GC heap after
{Heap after GC invocations=13 (full 0):
 garbage-first heap   total 131072K, used 26470K [0x0000000081400000, 0x0000000100000000)
  region size 1024K, 7 young (7168K), 7 survivors (7168K)
 Metaspace       used 56482K, capacity 58251K, committed 58544K, reserved 1099776K
  class space    used 7443K, capacity 8148K, committed 8192K, reserved 1048576K
}
Event: 27.504 GC heap before
{Heap before GC invocations=13 (full 0):
 garbage-first heap   total 131072K, used 40806K [0x0000000081400000, 0x0000000100000000)
  region size 1024K, 23 young (23552K), 7 survivors (7168K)
 Metaspace       used 58293K, capacity 60108K, committed 60240K, reserved 1101824K
  class space    used 7665K, capacity 8383K, committed 8448K, reserved 1048576K
}

Deoptimization events (0 events):
No events

Classes redefined (0 events):
No events

Internal exceptions (10 events):
Event: 15.610 Thread 0x000002927f339800 Exception <a 'java/lang/ClassNotFoundException'{0x0000000086eb2820}: org/springframework/beans/factory/BeanClassLoaderAwareCustomizer> (0x0000000086eb2820) thrown at [t:/workspace/open/src/hotspot/share/classfile/systemDictionary.cpp, line 231]
Event: 15.610 Thread 0x000002927f339800 Exception <a 'java/lang/ClassNotFoundException'{0x0000000086ec2738}: org/springframework/beans/factory/AwareCustomizer> (0x0000000086ec2738) thrown at [t:/workspace/open/src/hotspot/share/classfile/systemDictionary.cpp, line 231]
Event: 15.773 Thread 0x000002927f339800 Exception <a 'java/lang/ClassNotFoundException'{0x00000000864069b8}: java/lang/ObjectCustomizer> (0x00000000864069b8) thrown at [t:/workspace/open/src/hotspot/share/classfile/systemDictionary.cpp, line 231]
Event: 15.774 Thread 0x000002927f339800 Exception <a 'java/lang/ClassNotFoundException'{0x000000008641ff00}: org/springframework/security/config/annotation/web/configuration/HttpSecurityConfigurationCustomizer> (0x000000008641ff00) thrown at [t:/workspace/open/src/hotspot/share/classfile/system
Event: 15.855 Thread 0x000002927f339800 Exception <a 'java/lang/IncompatibleClassChangeError'{0x000000008604dfe0}: Found class java.lang.Object, but interface was expected> (0x000000008604dfe0) thrown at [t:/workspace/open/src/hotspot/share/interpreter/linkResolver.cpp, line 856]
Event: 16.247 Thread 0x000002927f339800 Exception <a 'java/lang/NoSuchMethodError'{0x0000000089153a38}: java.lang.invoke.DirectMethodHandle$Holder.invokeStaticInit(Ljava/lang/Object;Ljava/lang/Object;Ljava/lang/Object;Ljava/lang/Object;)I> (0x0000000089153a38) thrown at [t:/workspace/open/src/h
Event: 16.285 Thread 0x000002927f339800 Exception <a 'java/lang/NoSuchMethodError'{0x0000000088f4fdb8}: java.lang.invoke.DirectMethodHandle$Holder.invokeSpecial(Ljava/lang/Object;Ljava/lang/Object;ILjava/lang/Object;ILjava/lang/Object;)Ljava/lang/Object;> (0x0000000088f4fdb8) thrown at [t:/work
Event: 16.286 Thread 0x000002927f339800 Exception <a 'java/lang/NoSuchMethodError'{0x0000000088f57298}: java.lang.invoke.DirectMethodHandle$Holder.invokeStatic(Ljava/lang/Object;Ljava/lang/Object;ILjava/lang/Object;I)Ljava/lang/Object;> (0x0000000088f57298) thrown at [t:/workspace/open/src/hots
Event: 16.287 Thread 0x000002927f339800 Exception <a 'java/lang/NoSuchMethodError'{0x0000000088f5aa70}: java.lang.invoke.DirectMethodHandle$Holder.invokeSpecial(Ljava/lang/Object;Ljava/lang/Object;Ljava/lang/Object;ILjava/lang/Object;I)Ljava/lang/Object;> (0x0000000088f5aa70) thrown at [t:/work
Event: 16.288 Thread 0x000002927f339800 Exception <a 'java/lang/NoSuchMethodError'{0x0000000088f68410}: java.lang.invoke.DirectMethodHandle$Holder.invokeVirtual(Ljava/lang/Object;Ljava/lang/Object;)V> (0x0000000088f68410) thrown at [t:/workspace/open/src/hotspot/share/interpreter/linkResolver.c

Events (10 events):
Event: 27.500 loading class org/apache/catalina/core/ApplicationFilterFactory done
Event: 27.501 loading class org/apache/catalina/core/ApplicationFilterChain
Event: 27.501 loading class org/apache/catalina/core/ApplicationFilterChain done
Event: 27.502 loading class org/apache/catalina/core/ApplicationDispatcher
Event: 27.502 loading class org/apache/catalina/core/ApplicationDispatcher done
Event: 27.503 loading class org/apache/catalina/AsyncDispatcher
Event: 27.503 loading class org/apache/catalina/AsyncDispatcher done
Event: 27.504 loading class org/apache/catalina/core/ApplicationFilterFactory$1
Event: 27.504 loading class org/apache/catalina/core/ApplicationFilterFactory$1 done
Event: 27.504 Executing VM operation: CollectForMetadataAllocation


Dynamic libraries:
0x00007ff67c580000 - 0x00007ff67c5c5000 	C:\Program Files\Java\jdk-11\bin\java.exe
0x00007ffe0b710000 - 0x00007ffe0b905000 	C:\WINDOWS\SYSTEM32\ntdll.dll
0x00007ffe0ae30000 - 0x00007ffe0aeed000 	C:\WINDOWS\System32\KERNEL32.DLL
0x00007ffe090c0000 - 0x00007ffe09388000 	C:\WINDOWS\System32\KERNELBASE.dll
0x00007ffe0b620000 - 0x00007ffe0b6cc000 	C:\WINDOWS\System32\ADVAPI32.DLL
0x00007ffe0b3e0000 - 0x00007ffe0b47e000 	C:\WINDOWS\System32\msvcrt.dll
0x00007ffe0abf0000 - 0x00007ffe0ac8b000 	C:\WINDOWS\System32\sechost.dll
0x00007ffe0a060000 - 0x00007ffe0a18b000 	C:\WINDOWS\System32\RPCRT4.dll
0x00007ffe0ac90000 - 0x00007ffe0ae30000 	C:\WINDOWS\System32\USER32.dll
0x00007ffe09390000 - 0x00007ffe093b2000 	C:\WINDOWS\System32\win32u.dll
0x00007ffe0aaa0000 - 0x00007ffe0aaca000 	C:\WINDOWS\System32\GDI32.dll
0x00007ffe08ea0000 - 0x00007ffe08fab000 	C:\WINDOWS\System32\gdi32full.dll
0x00007ffe096d0000 - 0x00007ffe0976d000 	C:\WINDOWS\System32\msvcp_win.dll
0x00007ffe095d0000 - 0x00007ffe096d0000 	C:\WINDOWS\System32\ucrtbase.dll
0x00007ffdf9460000 - 0x00007ffdf96fa000 	C:\WINDOWS\WinSxS\amd64_microsoft.windows.common-controls_6595b64144ccf1df_6.0.19041.844_none_ca00b6081b84eb1d\COMCTL32.dll
0x00007ffe0b3b0000 - 0x00007ffe0b3e0000 	C:\WINDOWS\System32\IMM32.DLL
0x00007ffe00280000 - 0x00007ffe00296000 	C:\Program Files\Java\jdk-11\bin\vcruntime140.dll
0x00007ffdffdf0000 - 0x00007ffdffe9a000 	C:\Program Files\Java\jdk-11\bin\msvcp140.dll
0x00007ffdaf260000 - 0x00007ffdafda1000 	C:\Program Files\Java\jdk-11\bin\server\jvm.dll
0x00007ffe0a190000 - 0x00007ffe0a198000 	C:\WINDOWS\System32\PSAPI.DLL
0x00007ffdf6f80000 - 0x00007ffdf6f89000 	C:\WINDOWS\SYSTEM32\WSOCK32.dll
0x00007ffe0b480000 - 0x00007ffe0b4eb000 	C:\WINDOWS\System32\WS2_32.dll
0x00007ffdfe420000 - 0x00007ffdfe447000 	C:\WINDOWS\SYSTEM32\WINMM.dll
0x00007ffe031b0000 - 0x00007ffe031ba000 	C:\WINDOWS\SYSTEM32\VERSION.dll
0x00007ffe06da0000 - 0x00007ffe06db2000 	C:\WINDOWS\SYSTEM32\kernel.appcore.dll
0x00007ffe00260000 - 0x00007ffe00271000 	C:\Program Files\Java\jdk-11\bin\verify.dll
0x00007ffe00cf0000 - 0x00007ffe00ed4000 	C:\WINDOWS\SYSTEM32\DBGHELP.DLL
0x00007ffe00c10000 - 0x00007ffe00c3c000 	C:\WINDOWS\SYSTEM32\dbgcore.DLL
0x00007ffe09010000 - 0x00007ffe09090000 	C:\WINDOWS\System32\bcryptPrimitives.dll
0x00007ffdffdc0000 - 0x00007ffdffde8000 	C:\Program Files\Java\jdk-11\bin\java.dll
0x00007ffdf7ea0000 - 0x00007ffdf7ecf000 	C:\Program Files\Java\jdk-11\bin\instrument.dll
0x00007ffe00240000 - 0x00007ffe00256000 	C:\Program Files\Java\jdk-11\bin\zip.dll
0x00007ffe03e90000 - 0x00007ffe03e9a000 	C:\Program Files\Java\jdk-11\bin\jimage.dll
0x00007ffe0a2b0000 - 0x00007ffe0a9f2000 	C:\WINDOWS\System32\SHELL32.dll
0x00007ffe06fa0000 - 0x00007ffe07730000 	C:\WINDOWS\SYSTEM32\windows.storage.dll
0x00007ffe0aef0000 - 0x00007ffe0b245000 	C:\WINDOWS\System32\combase.dll
0x00007ffe088c0000 - 0x00007ffe088ec000 	C:\WINDOWS\SYSTEM32\Wldp.dll
0x00007ffe0a1a0000 - 0x00007ffe0a24e000 	C:\WINDOWS\System32\SHCORE.dll
0x00007ffe09fe0000 - 0x00007ffe0a035000 	C:\WINDOWS\System32\shlwapi.dll
0x00007ffe08d90000 - 0x00007ffe08daf000 	C:\WINDOWS\SYSTEM32\profapi.dll
0x00007ffdffda0000 - 0x00007ffdffdb9000 	C:\Program Files\Java\jdk-11\bin\net.dll
0x00007ffdff720000 - 0x00007ffdff82b000 	C:\WINDOWS\SYSTEM32\WINHTTP.dll
0x00007ffe08630000 - 0x00007ffe0869a000 	C:\WINDOWS\system32\mswsock.dll
0x00007ffdffd80000 - 0x00007ffdffd93000 	C:\Program Files\Java\jdk-11\bin\nio.dll
0x00007ffdffd10000 - 0x00007ffdffd2a000 	D:\Program Files\JetBrains\IntelliJ IDEA 2020.2.3\bin\breakgen64.dll
0x00007ffe08310000 - 0x00007ffe083dc000 	C:\WINDOWS\SYSTEM32\DNSAPI.dll
0x00007ffe082d0000 - 0x00007ffe0830b000 	C:\WINDOWS\SYSTEM32\IPHLPAPI.DLL
0x00007ffe0aa00000 - 0x00007ffe0aa08000 	C:\WINDOWS\System32\NSI.dll
0x00007ffdff540000 - 0x00007ffdff54a000 	C:\Windows\System32\rasadhlp.dll
0x00007ffdff440000 - 0x00007ffdff4bf000 	C:\WINDOWS\System32\fwpuclnt.dll
0x00007ffe09090000 - 0x00007ffe090b7000 	C:\WINDOWS\System32\bcrypt.dll
0x00007ffe02f00000 - 0x00007ffe02f09000 	C:\Program Files\Java\jdk-11\bin\management.dll
0x00007ffe01ca0000 - 0x00007ffe01cac000 	C:\Program Files\Java\jdk-11\bin\management_ext.dll
0x00007ffe08810000 - 0x00007ffe08828000 	C:\WINDOWS\SYSTEM32\CRYPTSP.dll
0x00007ffe07f60000 - 0x00007ffe07f94000 	C:\WINDOWS\system32\rsaenh.dll
0x00007ffe08d50000 - 0x00007ffe08d7e000 	C:\WINDOWS\SYSTEM32\USERENV.dll
0x00007ffe08800000 - 0x00007ffe0880c000 	C:\WINDOWS\SYSTEM32\CRYPTBASE.dll
0x00007ffe00f40000 - 0x00007ffe00f57000 	C:\WINDOWS\SYSTEM32\dhcpcsvc6.DLL
0x00007ffe00cd0000 - 0x00007ffe00ced000 	C:\WINDOWS\SYSTEM32\dhcpcsvc.DLL
0x00007ffdf73f0000 - 0x00007ffdf7407000 	C:\WINDOWS\system32\napinsp.dll
0x00007ffdf3ca0000 - 0x00007ffdf3cbb000 	C:\WINDOWS\system32\pnrpnsp.dll
0x00007ffe04310000 - 0x00007ffe04325000 	C:\WINDOWS\system32\wshbth.dll
0x00007ffe01b70000 - 0x00007ffe01b8d000 	C:\WINDOWS\system32\NLAapi.dll
0x00007ffdf2bc0000 - 0x00007ffdf2bd2000 	C:\WINDOWS\System32\winrnr.dll

dbghelp: loaded successfully - version: 4.0.5 - missing functions: none
symbol engine: initialized successfully - sym options: 0x614 - pdb path: .;C:\Program Files\Java\jdk-11\bin;C:\WINDOWS\SYSTEM32;C:\WINDOWS\WinSxS\amd64_microsoft.windows.common-controls_6595b64144ccf1df_6.0.19041.844_none_ca00b6081b84eb1d;C:\Program Files\Java\jdk-11\bin\server;D:\Program Files\JetBrains\IntelliJ IDEA 2020.2.3\bin

VM Arguments:
jvm_args: -XX:TieredStopAtLevel=1 -Xverify:none -Dspring.output.ansi.enabled=always -Dcom.sun.management.jmxremote -Dspring.jmx.enabled=true -Dspring.liveBeansView.mbeanDomain -Dspring.application.admin.enabled=true -javaagent:D:\Program Files\JetBrains\IntelliJ IDEA 2020.2.3\lib\idea_rt.jar=9758:D:\Program Files\JetBrains\IntelliJ IDEA 2020.2.3\bin -Dfile.encoding=UTF-8 
java_command: com.capstone.mountain.MountainApplication
java_class_path (initial): D:\Spring\capstone\mountain\out\production\classes;D:\Spring\capstone\mountain\out\production\resources;C:\Users\박기수\.gradle\caches\modules-2\files-2.1\org.projectlombok\lombok\1.18.18\481f5bfed3ae29f656eedfe9e98c8365b8ba5c57\lombok-1.18.18.jar;C:\Users\박기수\.gradle\caches\modules-2\files-2.1\com.querydsl\querydsl-apt\4.1.4\51e33839a6b124d975bb0e7f909652024eed9f3a\querydsl-apt-4.1.4.jar;C:\Users\박기수\.gradle\caches\modules-2\files-2.1\org.springframework.boot\spring-boot-starter-data-jpa\2.4.4\467d100d81d955308bf5a32067f6e620dbeda815\spring-boot-starter-data-jpa-2.4.4.jar;C:\Users\박기수\.gradle\caches\modules-2\files-2.1\org.springframework.boot\spring-boot-starter-thymeleaf\2.4.4\b6cfa0786720394dea233a85c06774bae4f26732\spring-boot-starter-thymeleaf-2.4.4.jar;C:\Users\박기수\.gradle\caches\modules-2\files-2.1\org.springframework.boot\spring-boot-starter-web\2.4.4\8b84b6800a0b72d644d77aea3df0bf02008096a7\spring-boot-starter-web-2.4.4.jar;C:\Users\박기수\.gradle\caches\modules-2\files-2.1\org.springframework.boot\spring-boot-starter-security\2.4.4\1a4c1249ccdc878cd58ae1ae30ee5958ba99722c\spring-boot-starter-security-2.4.4.jar;C:\Users\박기수\.gradle\caches\modules-2\files-2.1\com.auth0\java-jwt\3.15.0\9e11cac97825e055a1c36950c889d43271c626f0\java-jwt-3.15.0.jar;C:\Users\박기수\.gradle\caches\modules-2\files-2.1\com.querydsl\querydsl-jpa\4.4.0\11e3c6a6ec45f3e05317111eb59551a7c2c0cc51\querydsl-jpa-4.4.0.jar;C:\Users\박기수\.gradle\caches\modules-2\files-2.1\com.github.gavlyukovskiy\p6spy-spring-boot-starter\1.5.8\a8ea071da0becc2eb2540981ce540a6c49c1f080\p6spy-spring-boot-starter-1.5.8.jar;C:\Users\박기수\.gradle\caches\modules-2\files-2.1\com.querydsl\querydsl-codegen\4.1.4\e67a1c8822a501bfeb174922246e430a7ccd6780\querydsl-codegen-4.1.4.jar;C:\Users\박기수\.gradle\caches\modules-2\files-2.1\javax.jdo\jdo-api\3.0.1\58e7a538e020b73871e232eeb064835fd98a492\jdo-api-3.0.1.jar;C:\Users\박기수\.gradle\caches\modules-2\files-2.1\org.springf
Launcher Type: SUN_STANDARD

[Global flags]
     bool BytecodeVerificationLocal                = false                                     {product} {command line}
     bool BytecodeVerificationRemote               = false                                     {product} {command line}
     intx CICompilerCount                          = 3                                         {product} {ergonomic}
     uint ConcGCThreads                            = 1                                         {product} {ergonomic}
     uint G1ConcRefinementThreads                  = 4                                         {product} {ergonomic}
   size_t G1HeapRegionSize                         = 1048576                                   {product} {ergonomic}
    uintx GCDrainStackTargetSize                   = 64                                        {product} {ergonomic}
   size_t InitialHeapSize                          = 134217728                                 {product} {ergonomic}
     bool ManagementServer                         = true                                      {product} {command line}
   size_t MarkStackSize                            = 4194304                                   {product} {ergonomic}
   size_t MaxHeapSize                              = 2126512128                                {product} {ergonomic}
   size_t MaxNewSize                               = 1275068416                                {product} {ergonomic}
   size_t MinHeapDeltaBytes                        = 1048576                                   {product} {ergonomic}
    uintx NonNMethodCodeHeapSize                   = 6973028                                {pd product} {ergonomic}
    uintx NonProfiledCodeHeapSize                  = 244685212                              {pd product} {ergonomic}
    uintx ProfiledCodeHeapSize                     = 0                                      {pd product} {ergonomic}
    uintx ReservedCodeCacheSize                    = 251658240                              {pd product} {ergonomic}
     bool SegmentedCodeCache                       = true                                      {product} {ergonomic}
     intx TieredStopAtLevel                        = 1                                         {product} {command line}
     bool UseCompressedClassPointers               = true                                 {lp64_product} {ergonomic}
     bool UseCompressedOops                        = true                                 {lp64_product} {ergonomic}
     bool UseG1GC                                  = true                                      {product} {ergonomic}
     bool UseLargePagesIndividualAllocation        = false                                  {pd product} {ergonomic}

Logging:
Log output configuration:
 #0: stdout all=warning uptime,level,tags
 #1: stderr all=off uptime,level,tags

Environment Variables:
JAVA_HOME=C:\Program Files\Java\jdk-11.0.9
CLASSPATH=C:\Program Files\Java\jdk-11.0.9\lib
PATH=C:\Program Files\Common Files\Oracle\Java\javapath;C:\Program Files (x86)\Common Files\Oracle\Java\javapath;"C:\WINDOWS\system32;C:\WINDOWS;C:\WINDOWS\system32\WBEM";d:\Program Files\MATLAB\R2020b\runtime\win64;d:\Program Files\MATLAB\R2020b\bin;D:\Android\openssl-0.9.8k_X64\bin;C:\Program Files (x86)\Windows Kits\10\Include\10.0.19041.0\ucrt;C:\Program Files (x86)\Windows Kits\10\Include\10.0.18362.0\ucrt;d:\Program Files\Git\cmd;C:\Program Files\Java\jdk-11.0.9\bin;D:\Python\Python36\Scripts\;D:\Python\Python36\;C:\Users\박기수\AppData\Local\Microsoft\WindowsApps;C:\opencv\build\x64\vc15\bin;C:\opencv\build\x64\vc14\bin;C:\Program Files\Bandizip\;d:\Users\박기수\AppData\Local\Programs\Microsoft VS Code\bin;C:\Users\박기수\AppData\Local\Microsoft\WindowsApps;d:\Program Files\JetBrains\DataGrip 2020.2\bin;;d:\Program Files\JetBrains\GoLand 2020.2.3\bin;;d:\Program Files\JetBrains\IntelliJ IDEA 2020.2.3\bin;;D:\Spring\apache-maven-3.6.3\bin;D:\Spring\gradle-6.7\bin;C:\Program Files (x86)\Windows Kits\10\Include\10.0.19041.0\ucrt;C:\Program Files (x86)\Windows Kits\10\Include\10.0.18362.0\ucrt;d:\Program Files\JetBrains\PyCharm 2021.1.1\bin;;D:\anaconda3;D:\anaconda3\Library\bin;D:\anaconda3\Scripts;
USERNAME=박기수
OS=Windows_NT
PROCESSOR_IDENTIFIER=Intel64 Family 6 Model 78 Stepping 3, GenuineIntel



---------------  S Y S T E M  ---------------

OS: Windows 10 , 64 bit Build 19041 (10.0.19041.928)

CPU:total 4 (initial active 4) (2 cores per cpu, 2 threads per core) family 6 model 78 stepping 3, cmov, cx8, fxsr, mmx, sse, sse2, sse3, ssse3, sse4.1, sse4.2, popcnt, avx, avx2, aes, clmul, erms, 3dnowpref, lzcnt, ht, tsc, tscinvbit, bmi1, bmi2, adx, fma

Memory: 4k page, system-wide physical 8109M (453M free)
TotalPageFile size 16675M (AvailPageFile size 441M)
current process WorkingSet (physical memory assigned to process): 228M, peak: 228M
current process commit charge ("private bytes"): 285M, peak: 311M

vm_info: OpenJDK 64-Bit Server VM (11+28) for windows-amd64 JRE (11+28), built on Aug 23 2018 03:04:58 by "mach5one" with MS VC++ 15.5 (VS2017)

END.
